{"C:\\Users\\ourena\\proyecto\\BackendLiveNotesMongoDB\\api\\controller\\cuenta.controllers.js": {"path":"C:\\Users\\ourena\\proyecto\\BackendLiveNotesMongoDB\\api\\controller\\cuenta.controllers.js","statementMap":{"0":{"start":{"line":6,"column":26},"end":{"line":14,"column":1}},"1":{"start":{"line":7,"column":4},"end":{"line":13,"column":5}},"2":{"start":{"line":8,"column":26},"end":{"line":8,"column":45}},"3":{"start":{"line":9,"column":8},"end":{"line":9,"column":40}},"4":{"start":{"line":12,"column":8},"end":{"line":12,"column":74}},"5":{"start":{"line":16,"column":25},"end":{"line":22,"column":1}},"6":{"start":{"line":17,"column":4},"end":{"line":21,"column":5}},"7":{"start":{"line":20,"column":8},"end":{"line":20,"column":72}},"8":{"start":{"line":24,"column":26},"end":{"line":33,"column":1}},"9":{"start":{"line":25,"column":4},"end":{"line":32,"column":5}},"10":{"start":{"line":28,"column":8},"end":{"line":30,"column":9}},"11":{"start":{"line":29,"column":12},"end":{"line":29,"column":92}},"12":{"start":{"line":31,"column":8},"end":{"line":31,"column":77}},"13":{"start":{"line":35,"column":28},"end":{"line":41,"column":1}},"14":{"start":{"line":36,"column":4},"end":{"line":40,"column":5}},"15":{"start":{"line":39,"column":8},"end":{"line":39,"column":82}},"16":{"start":{"line":43,"column":28},"end":{"line":49,"column":1}},"17":{"start":{"line":44,"column":4},"end":{"line":48,"column":5}},"18":{"start":{"line":47,"column":8},"end":{"line":47,"column":80}}},"fnMap":{"0":{"name":"(anonymous_0)","decl":{"start":{"line":6,"column":26},"end":{"line":6,"column":31}},"loc":{"start":{"line":6,"column":46},"end":{"line":14,"column":1}},"line":6},"1":{"name":"(anonymous_1)","decl":{"start":{"line":16,"column":25},"end":{"line":16,"column":30}},"loc":{"start":{"line":16,"column":45},"end":{"line":22,"column":1}},"line":16},"2":{"name":"(anonymous_2)","decl":{"start":{"line":24,"column":26},"end":{"line":24,"column":31}},"loc":{"start":{"line":24,"column":46},"end":{"line":33,"column":1}},"line":24},"3":{"name":"(anonymous_3)","decl":{"start":{"line":35,"column":28},"end":{"line":35,"column":33}},"loc":{"start":{"line":35,"column":48},"end":{"line":41,"column":1}},"line":35},"4":{"name":"(anonymous_4)","decl":{"start":{"line":43,"column":28},"end":{"line":43,"column":33}},"loc":{"start":{"line":43,"column":48},"end":{"line":49,"column":1}},"line":43}},"branchMap":{"0":{"loc":{"start":{"line":28,"column":8},"end":{"line":30,"column":9}},"type":"if","locations":[{"start":{"line":28,"column":8},"end":{"line":30,"column":9}},{"start":{},"end":{}}],"line":28}},"s":{"0":1,"1":0,"2":0,"3":0,"4":0,"5":1,"6":0,"7":0,"8":1,"9":0,"10":0,"11":0,"12":0,"13":1,"14":0,"15":0,"16":1,"17":0,"18":0},"f":{"0":0,"1":0,"2":0,"3":0,"4":0},"b":{"0":[0,0]},"meta":{"lastBranch":1,"lastFunction":5,"lastStatement":19,"seen":{"s:6:26:14:1":0,"f:6:26:6:31":0,"s:7:4:13:5":1,"s:8:26:8:45":2,"s:9:8:9:40":3,"s:12:8:12:74":4,"s:16:25:22:1":5,"f:16:25:16:30":1,"s:17:4:21:5":6,"s:20:8:20:72":7,"s:24:26:33:1":8,"f:24:26:24:31":2,"s:25:4:32:5":9,"b:28:8:30:9:undefined:undefined:undefined:undefined":0,"s:28:8:30:9":10,"s:29:12:29:92":11,"s:31:8:31:77":12,"s:35:28:41:1":13,"f:35:28:35:33":3,"s:36:4:40:5":14,"s:39:8:39:82":15,"s:43:28:49:1":16,"f:43:28:43:33":4,"s:44:4:48:5":17,"s:47:8:47:80":18}}}
,"C:\\Users\\ourena\\proyecto\\BackendLiveNotesMongoDB\\api\\controller\\movimiento.controllers.js": {"path":"C:\\Users\\ourena\\proyecto\\BackendLiveNotesMongoDB\\api\\controller\\movimiento.controllers.js","statementMap":{"0":{"start":{"line":7,"column":31},"end":{"line":9,"column":1}},"1":{"start":{"line":11,"column":30},"end":{"line":17,"column":1}},"2":{"start":{"line":12,"column":4},"end":{"line":16,"column":5}},"3":{"start":{"line":15,"column":8},"end":{"line":15,"column":85}},"4":{"start":{"line":19,"column":29},"end":{"line":25,"column":1}},"5":{"start":{"line":20,"column":4},"end":{"line":24,"column":5}},"6":{"start":{"line":23,"column":8},"end":{"line":23,"column":83}},"7":{"start":{"line":27,"column":30},"end":{"line":33,"column":1}},"8":{"start":{"line":28,"column":4},"end":{"line":32,"column":5}},"9":{"start":{"line":31,"column":8},"end":{"line":31,"column":81}},"10":{"start":{"line":35,"column":32},"end":{"line":41,"column":1}},"11":{"start":{"line":36,"column":4},"end":{"line":40,"column":5}},"12":{"start":{"line":39,"column":8},"end":{"line":39,"column":86}},"13":{"start":{"line":43,"column":32},"end":{"line":49,"column":1}},"14":{"start":{"line":44,"column":4},"end":{"line":48,"column":5}},"15":{"start":{"line":47,"column":8},"end":{"line":47,"column":84}}},"fnMap":{"0":{"name":"(anonymous_0)","decl":{"start":{"line":7,"column":31},"end":{"line":7,"column":36}},"loc":{"start":{"line":7,"column":52},"end":{"line":9,"column":1}},"line":7},"1":{"name":"(anonymous_1)","decl":{"start":{"line":11,"column":30},"end":{"line":11,"column":35}},"loc":{"start":{"line":11,"column":50},"end":{"line":17,"column":1}},"line":11},"2":{"name":"(anonymous_2)","decl":{"start":{"line":19,"column":29},"end":{"line":19,"column":34}},"loc":{"start":{"line":19,"column":49},"end":{"line":25,"column":1}},"line":19},"3":{"name":"(anonymous_3)","decl":{"start":{"line":27,"column":30},"end":{"line":27,"column":35}},"loc":{"start":{"line":27,"column":50},"end":{"line":33,"column":1}},"line":27},"4":{"name":"(anonymous_4)","decl":{"start":{"line":35,"column":32},"end":{"line":35,"column":37}},"loc":{"start":{"line":35,"column":52},"end":{"line":41,"column":1}},"line":35},"5":{"name":"(anonymous_5)","decl":{"start":{"line":43,"column":32},"end":{"line":43,"column":37}},"loc":{"start":{"line":43,"column":52},"end":{"line":49,"column":1}},"line":43}},"branchMap":{},"s":{"0":1,"1":1,"2":0,"3":0,"4":1,"5":0,"6":0,"7":1,"8":0,"9":0,"10":1,"11":0,"12":0,"13":1,"14":0,"15":0},"f":{"0":0,"1":0,"2":0,"3":0,"4":0,"5":0},"b":{},"meta":{"lastBranch":0,"lastFunction":6,"lastStatement":16,"seen":{"s:7:31:9:1":0,"f:7:31:7:36":0,"s:11:30:17:1":1,"f:11:30:11:35":1,"s:12:4:16:5":2,"s:15:8:15:85":3,"s:19:29:25:1":4,"f:19:29:19:34":2,"s:20:4:24:5":5,"s:23:8:23:83":6,"s:27:30:33:1":7,"f:27:30:27:35":3,"s:28:4:32:5":8,"s:31:8:31:81":9,"s:35:32:41:1":10,"f:35:32:35:37":4,"s:36:4:40:5":11,"s:39:8:39:86":12,"s:43:32:49:1":13,"f:43:32:43:37":5,"s:44:4:48:5":14,"s:47:8:47:84":15}}}
,"C:\\Users\\ourena\\proyecto\\BackendLiveNotesMongoDB\\api\\controller\\user.controller.js": {"path":"C:\\Users\\ourena\\proyecto\\BackendLiveNotesMongoDB\\api\\controller\\user.controller.js","statementMap":{"0":{"start":{"line":6,"column":21},"end":{"line":17,"column":1}},"1":{"start":{"line":7,"column":4},"end":{"line":16,"column":5}},"2":{"start":{"line":8,"column":36},"end":{"line":8,"column":44}},"3":{"start":{"line":9,"column":26},"end":{"line":9,"column":65}},"4":{"start":{"line":10,"column":8},"end":{"line":12,"column":9}},"5":{"start":{"line":11,"column":12},"end":{"line":11,"column":89}},"6":{"start":{"line":13,"column":8},"end":{"line":13,"column":59}},"7":{"start":{"line":15,"column":8},"end":{"line":15,"column":76}},"8":{"start":{"line":19,"column":24},"end":{"line":34,"column":1}},"9":{"start":{"line":20,"column":4},"end":{"line":33,"column":5}},"10":{"start":{"line":21,"column":8},"end":{"line":21,"column":39}},"11":{"start":{"line":22,"column":8},"end":{"line":22,"column":45}},"12":{"start":{"line":23,"column":42},"end":{"line":23,"column":50}},"13":{"start":{"line":24,"column":22},"end":{"line":24,"column":51}},"14":{"start":{"line":25,"column":8},"end":{"line":27,"column":9}},"15":{"start":{"line":26,"column":12},"end":{"line":26,"column":91}},"16":{"start":{"line":28,"column":24},"end":{"line":28,"column":81}},"17":{"start":{"line":29,"column":8},"end":{"line":29,"column":77}},"18":{"start":{"line":31,"column":8},"end":{"line":31,"column":27}},"19":{"start":{"line":32,"column":8},"end":{"line":32,"column":98}},"20":{"start":{"line":36,"column":27},"end":{"line":47,"column":1}},"21":{"start":{"line":37,"column":4},"end":{"line":46,"column":5}},"22":{"start":{"line":38,"column":26},"end":{"line":38,"column":36}},"23":{"start":{"line":39,"column":26},"end":{"line":39,"column":74}},"24":{"start":{"line":40,"column":8},"end":{"line":42,"column":9}},"25":{"start":{"line":41,"column":12},"end":{"line":41,"column":78}},"26":{"start":{"line":43,"column":8},"end":{"line":43,"column":63}},"27":{"start":{"line":45,"column":8},"end":{"line":45,"column":94}},"28":{"start":{"line":49,"column":27},"end":{"line":60,"column":1}},"29":{"start":{"line":50,"column":4},"end":{"line":59,"column":5}},"30":{"start":{"line":51,"column":26},"end":{"line":51,"column":36}},"31":{"start":{"line":52,"column":26},"end":{"line":52,"column":85}},"32":{"start":{"line":53,"column":8},"end":{"line":55,"column":9}},"33":{"start":{"line":54,"column":12},"end":{"line":54,"column":78}},"34":{"start":{"line":56,"column":8},"end":{"line":56,"column":40}},"35":{"start":{"line":58,"column":8},"end":{"line":58,"column":96}},"36":{"start":{"line":62,"column":27},"end":{"line":64,"column":1}},"37":{"start":{"line":66,"column":26},"end":{"line":68,"column":1}},"38":{"start":{"line":70,"column":30},"end":{"line":72,"column":1}},"39":{"start":{"line":74,"column":26},"end":{"line":76,"column":1}}},"fnMap":{"0":{"name":"(anonymous_0)","decl":{"start":{"line":6,"column":21},"end":{"line":6,"column":26}},"loc":{"start":{"line":6,"column":41},"end":{"line":17,"column":1}},"line":6},"1":{"name":"(anonymous_1)","decl":{"start":{"line":19,"column":24},"end":{"line":19,"column":29}},"loc":{"start":{"line":19,"column":44},"end":{"line":34,"column":1}},"line":19},"2":{"name":"(anonymous_2)","decl":{"start":{"line":36,"column":27},"end":{"line":36,"column":32}},"loc":{"start":{"line":36,"column":47},"end":{"line":47,"column":1}},"line":36},"3":{"name":"(anonymous_3)","decl":{"start":{"line":49,"column":27},"end":{"line":49,"column":32}},"loc":{"start":{"line":49,"column":47},"end":{"line":60,"column":1}},"line":49},"4":{"name":"(anonymous_4)","decl":{"start":{"line":62,"column":27},"end":{"line":62,"column":32}},"loc":{"start":{"line":62,"column":47},"end":{"line":64,"column":1}},"line":62},"5":{"name":"(anonymous_5)","decl":{"start":{"line":66,"column":26},"end":{"line":66,"column":31}},"loc":{"start":{"line":66,"column":46},"end":{"line":68,"column":1}},"line":66},"6":{"name":"(anonymous_6)","decl":{"start":{"line":70,"column":30},"end":{"line":70,"column":35}},"loc":{"start":{"line":70,"column":50},"end":{"line":72,"column":1}},"line":70},"7":{"name":"(anonymous_7)","decl":{"start":{"line":74,"column":26},"end":{"line":74,"column":31}},"loc":{"start":{"line":74,"column":46},"end":{"line":76,"column":1}},"line":74}},"branchMap":{"0":{"loc":{"start":{"line":10,"column":8},"end":{"line":12,"column":9}},"type":"if","locations":[{"start":{"line":10,"column":8},"end":{"line":12,"column":9}},{"start":{},"end":{}}],"line":10},"1":{"loc":{"start":{"line":25,"column":8},"end":{"line":27,"column":9}},"type":"if","locations":[{"start":{"line":25,"column":8},"end":{"line":27,"column":9}},{"start":{},"end":{}}],"line":25},"2":{"loc":{"start":{"line":40,"column":8},"end":{"line":42,"column":9}},"type":"if","locations":[{"start":{"line":40,"column":8},"end":{"line":42,"column":9}},{"start":{},"end":{}}],"line":40},"3":{"loc":{"start":{"line":53,"column":8},"end":{"line":55,"column":9}},"type":"if","locations":[{"start":{"line":53,"column":8},"end":{"line":55,"column":9}},{"start":{},"end":{}}],"line":53}},"s":{"0":1,"1":0,"2":0,"3":0,"4":0,"5":0,"6":0,"7":0,"8":1,"9":7,"10":7,"11":7,"12":7,"13":7,"14":7,"15":1,"16":6,"17":3,"18":3,"19":3,"20":1,"21":0,"22":0,"23":0,"24":0,"25":0,"26":0,"27":0,"28":1,"29":0,"30":0,"31":0,"32":0,"33":0,"34":0,"35":0,"36":1,"37":1,"38":1,"39":1},"f":{"0":0,"1":7,"2":0,"3":0,"4":0,"5":0,"6":0,"7":0},"b":{"0":[0,0],"1":[1,6],"2":[0,0],"3":[0,0]},"meta":{"lastBranch":4,"lastFunction":8,"lastStatement":40,"seen":{"s:6:21:17:1":0,"f:6:21:6:26":0,"s:7:4:16:5":1,"s:8:36:8:44":2,"s:9:26:9:65":3,"b:10:8:12:9:undefined:undefined:undefined:undefined":0,"s:10:8:12:9":4,"s:11:12:11:89":5,"s:13:8:13:59":6,"s:15:8:15:76":7,"s:19:24:34:1":8,"f:19:24:19:29":1,"s:20:4:33:5":9,"s:21:8:21:39":10,"s:22:8:22:45":11,"s:23:42:23:50":12,"s:24:22:24:51":13,"b:25:8:27:9:undefined:undefined:undefined:undefined":1,"s:25:8:27:9":14,"s:26:12:26:91":15,"s:28:24:28:81":16,"s:29:8:29:77":17,"s:31:8:31:27":18,"s:32:8:32:98":19,"s:36:27:47:1":20,"f:36:27:36:32":2,"s:37:4:46:5":21,"s:38:26:38:36":22,"s:39:26:39:74":23,"b:40:8:42:9:undefined:undefined:undefined:undefined":2,"s:40:8:42:9":24,"s:41:12:41:78":25,"s:43:8:43:63":26,"s:45:8:45:94":27,"s:49:27:60:1":28,"f:49:27:49:32":3,"s:50:4:59:5":29,"s:51:26:51:36":30,"s:52:26:52:85":31,"b:53:8:55:9:undefined:undefined:undefined:undefined":3,"s:53:8:55:9":32,"s:54:12:54:78":33,"s:56:8:56:40":34,"s:58:8:58:96":35,"s:62:27:64:1":36,"f:62:27:62:32":4,"s:66:26:68:1":37,"f:66:26:66:31":5,"s:70:30:72:1":38,"f:70:30:70:35":6,"s:74:26:76:1":39,"f:74:26:74:31":7}}}
,"C:\\Users\\ourena\\proyecto\\BackendLiveNotesMongoDB\\api\\models\\cuenta.model.js": {"path":"C:\\Users\\ourena\\proyecto\\BackendLiveNotesMongoDB\\api\\models\\cuenta.model.js","statementMap":{"0":{"start":{"line":3,"column":21},"end":{"line":23,"column":2}},"1":{"start":{"line":25,"column":22},"end":{"line":25,"column":60}}},"fnMap":{},"branchMap":{},"s":{"0":1,"1":1},"f":{},"b":{},"meta":{"lastBranch":0,"lastFunction":0,"lastStatement":2,"seen":{"s:3:21:23:2":0,"s:25:22:25:60":1}}}
,"C:\\Users\\ourena\\proyecto\\BackendLiveNotesMongoDB\\api\\models\\movimiento.model.js": {"path":"C:\\Users\\ourena\\proyecto\\BackendLiveNotesMongoDB\\api\\models\\movimiento.model.js","statementMap":{"0":{"start":{"line":3,"column":25},"end":{"line":39,"column":2}},"1":{"start":{"line":41,"column":26},"end":{"line":41,"column":72}}},"fnMap":{},"branchMap":{},"s":{"0":1,"1":1},"f":{},"b":{},"meta":{"lastBranch":0,"lastFunction":0,"lastStatement":2,"seen":{"s:3:25:39:2":0,"s:41:26:41:72":1}}}
,"C:\\Users\\ourena\\proyecto\\BackendLiveNotesMongoDB\\api\\models\\user.model.js": {"path":"C:\\Users\\ourena\\proyecto\\BackendLiveNotesMongoDB\\api\\models\\user.model.js","statementMap":{"0":{"start":{"line":3,"column":19},"end":{"line":16,"column":18}},"1":{"start":{"line":18,"column":17},"end":{"line":51,"column":2}},"2":{"start":{"line":53,"column":20},"end":{"line":53,"column":54}}},"fnMap":{},"branchMap":{},"s":{"0":1,"1":1,"2":1},"f":{},"b":{},"meta":{"lastBranch":0,"lastFunction":0,"lastStatement":3,"seen":{"s:3:19:16:18":0,"s:18:17:51:2":1,"s:53:20:53:54":2}}}
,"C:\\Users\\ourena\\proyecto\\BackendLiveNotesMongoDB\\api\\router\\cuenta.router.js": {"path":"C:\\Users\\ourena\\proyecto\\BackendLiveNotesMongoDB\\api\\router\\cuenta.router.js","statementMap":{"0":{"start":{"line":7,"column":14},"end":{"line":7,"column":23}},"1":{"start":{"line":9,"column":17},"end":{"line":15,"column":1}},"2":{"start":{"line":10,"column":18},"end":{"line":10,"column":40}},"3":{"start":{"line":11,"column":4},"end":{"line":13,"column":5}},"4":{"start":{"line":12,"column":8},"end":{"line":12,"column":64}},"5":{"start":{"line":14,"column":4},"end":{"line":14,"column":11}},"6":{"start":{"line":17,"column":0},"end":{"line":17,"column":37}},"7":{"start":{"line":19,"column":0},"end":{"line":23,"column":17}},"8":{"start":{"line":25,"column":0},"end":{"line":30,"column":18}},"9":{"start":{"line":32,"column":0},"end":{"line":38,"column":20}},"10":{"start":{"line":40,"column":0},"end":{"line":44,"column":20}}},"fnMap":{"0":{"name":"(anonymous_0)","decl":{"start":{"line":9,"column":17},"end":{"line":9,"column":18}},"loc":{"start":{"line":9,"column":37},"end":{"line":15,"column":1}},"line":9}},"branchMap":{"0":{"loc":{"start":{"line":11,"column":4},"end":{"line":13,"column":5}},"type":"if","locations":[{"start":{"line":11,"column":4},"end":{"line":13,"column":5}},{"start":{},"end":{}}],"line":11}},"s":{"0":1,"1":1,"2":0,"3":0,"4":0,"5":0,"6":1,"7":1,"8":1,"9":1,"10":1},"f":{"0":0},"b":{"0":[0,0]},"meta":{"lastBranch":1,"lastFunction":1,"lastStatement":11,"seen":{"s:7:14:7:23":0,"s:9:17:15:1":1,"f:9:17:9:18":0,"s:10:18:10:40":2,"b:11:4:13:5:undefined:undefined:undefined:undefined":0,"s:11:4:13:5":3,"s:12:8:12:64":4,"s:14:4:14:11":5,"s:17:0:17:37":6,"s:19:0:23:17":7,"s:25:0:30:18":8,"s:32:0:38:20":9,"s:40:0:44:20":10}}}
,"C:\\Users\\ourena\\proyecto\\BackendLiveNotesMongoDB\\api\\router\\index.router.js": {"path":"C:\\Users\\ourena\\proyecto\\BackendLiveNotesMongoDB\\api\\router\\index.router.js","statementMap":{"0":{"start":{"line":6,"column":14},"end":{"line":6,"column":23}},"1":{"start":{"line":8,"column":0},"end":{"line":8,"column":26}},"2":{"start":{"line":9,"column":0},"end":{"line":9,"column":30}},"3":{"start":{"line":10,"column":0},"end":{"line":10,"column":23}}},"fnMap":{},"branchMap":{},"s":{"0":1,"1":1,"2":1,"3":1},"f":{},"b":{},"meta":{"lastBranch":0,"lastFunction":0,"lastStatement":4,"seen":{"s:6:14:6:23":0,"s:8:0:8:26":1,"s:9:0:9:30":2,"s:10:0:10:23":3}}}
,"C:\\Users\\ourena\\proyecto\\BackendLiveNotesMongoDB\\api\\router\\movimiento.router.js": {"path":"C:\\Users\\ourena\\proyecto\\BackendLiveNotesMongoDB\\api\\router\\movimiento.router.js","statementMap":{"0":{"start":{"line":7,"column":14},"end":{"line":7,"column":23}},"1":{"start":{"line":9,"column":17},"end":{"line":13,"column":1}},"2":{"start":{"line":10,"column":18},"end":{"line":10,"column":40}},"3":{"start":{"line":11,"column":4},"end":{"line":11,"column":83}},"4":{"start":{"line":11,"column":27},"end":{"line":11,"column":83}},"5":{"start":{"line":12,"column":4},"end":{"line":12,"column":11}},"6":{"start":{"line":15,"column":0},"end":{"line":15,"column":45}},"7":{"start":{"line":17,"column":0},"end":{"line":23,"column":2}},"8":{"start":{"line":25,"column":0},"end":{"line":37,"column":2}},"9":{"start":{"line":39,"column":0},"end":{"line":52,"column":2}},"10":{"start":{"line":54,"column":0},"end":{"line":60,"column":2}}},"fnMap":{"0":{"name":"(anonymous_0)","decl":{"start":{"line":9,"column":17},"end":{"line":9,"column":18}},"loc":{"start":{"line":9,"column":37},"end":{"line":13,"column":1}},"line":9}},"branchMap":{"0":{"loc":{"start":{"line":11,"column":4},"end":{"line":11,"column":83}},"type":"if","locations":[{"start":{"line":11,"column":4},"end":{"line":11,"column":83}},{"start":{},"end":{}}],"line":11}},"s":{"0":1,"1":1,"2":0,"3":0,"4":0,"5":0,"6":1,"7":1,"8":1,"9":1,"10":1},"f":{"0":0},"b":{"0":[0,0]},"meta":{"lastBranch":1,"lastFunction":1,"lastStatement":11,"seen":{"s:7:14:7:23":0,"s:9:17:13:1":1,"f:9:17:9:18":0,"s:10:18:10:40":2,"b:11:4:11:83:undefined:undefined:undefined:undefined":0,"s:11:4:11:83":3,"s:11:27:11:83":4,"s:12:4:12:11":5,"s:15:0:15:45":6,"s:17:0:23:2":7,"s:25:0:37:2":8,"s:39:0:52:2":9,"s:54:0:60:2":10}}}
,"C:\\Users\\ourena\\proyecto\\BackendLiveNotesMongoDB\\api\\router\\user.router.js": {"path":"C:\\Users\\ourena\\proyecto\\BackendLiveNotesMongoDB\\api\\router\\user.router.js","statementMap":{"0":{"start":{"line":5,"column":14},"end":{"line":5,"column":23}},"1":{"start":{"line":7,"column":0},"end":{"line":7,"column":42}},"2":{"start":{"line":8,"column":0},"end":{"line":8,"column":36}},"3":{"start":{"line":9,"column":0},"end":{"line":9,"column":51}},"4":{"start":{"line":10,"column":0},"end":{"line":10,"column":47}},"5":{"start":{"line":11,"column":0},"end":{"line":11,"column":44}},"6":{"start":{"line":12,"column":0},"end":{"line":12,"column":41}},"7":{"start":{"line":13,"column":0},"end":{"line":13,"column":54}},"8":{"start":{"line":14,"column":0},"end":{"line":14,"column":44}}},"fnMap":{},"branchMap":{},"s":{"0":1,"1":1,"2":1,"3":1,"4":1,"5":1,"6":1,"7":1,"8":1},"f":{},"b":{},"meta":{"lastBranch":0,"lastFunction":0,"lastStatement":9,"seen":{"s:5:14:5:23":0,"s:7:0:7:42":1,"s:8:0:8:36":2,"s:9:0:9:51":3,"s:10:0:10:47":4,"s:11:0:11:44":5,"s:12:0:12:41":6,"s:13:0:13:54":7,"s:14:0:14:44":8}}}
}
